TN:
SF:bin/cli.js
FN:21,run
FN:38,(anonymous_1)
FN:45,(anonymous_2)
FN:46,(anonymous_3)
FN:58,(anonymous_4)
FN:128,(anonymous_5)
FNF:6
FNH:0
FNDA:0,run
FNDA:0,(anonymous_1)
FNDA:0,(anonymous_2)
FNDA:0,(anonymous_3)
FNDA:0,(anonymous_4)
FNDA:0,(anonymous_5)
DA:3,0
DA:4,0
DA:5,0
DA:6,0
DA:7,0
DA:10,0
DA:22,0
DA:23,0
DA:24,0
DA:25,0
DA:28,0
DA:29,0
DA:30,0
DA:32,0
DA:38,0
DA:45,0
DA:47,0
DA:48,0
DA:58,0
DA:63,0
DA:64,0
DA:65,0
DA:69,0
DA:70,0
DA:71,0
DA:74,0
DA:75,0
DA:76,0
DA:79,0
DA:80,0
DA:81,0
DA:85,0
DA:86,0
DA:87,0
DA:90,0
DA:91,0
DA:92,0
DA:96,0
DA:105,0
DA:106,0
DA:107,0
DA:111,0
DA:113,0
DA:114,0
DA:120,0
DA:122,0
DA:123,0
DA:128,0
DA:129,0
DA:130,0
LF:50
LH:0
BRDA:23,0,0,0
BRDA:23,0,1,0
BRDA:24,1,0,0
BRDA:24,1,1,0
BRDA:25,2,0,0
BRDA:25,2,1,0
BRDA:28,3,0,0
BRDA:28,3,1,0
BRDA:28,4,0,0
BRDA:28,4,1,0
BRDA:28,4,2,0
BRDA:28,4,3,0
BRDA:47,5,0,0
BRDA:47,5,1,0
BRDA:48,6,0,0
BRDA:48,6,1,0
BRDA:63,7,0,0
BRDA:63,7,1,0
BRDA:64,8,0,0
BRDA:64,8,1,0
BRDA:65,9,0,0
BRDA:65,9,1,0
BRDA:69,10,0,0
BRDA:69,10,1,0
BRDA:74,11,0,0
BRDA:74,11,1,0
BRDA:79,12,0,0
BRDA:79,12,1,0
BRDA:105,13,0,0
BRDA:105,13,1,0
BRF:30
BRH:0
end_of_record
TN:
SF:lib/index.js
FN:11,checkGhLogin
FN:29,packageExists
FN:53,getCurrentVersion
FN:83,versionIsHigherOrEqual
FN:99,updatePackageJson
FN:121,executeCommand
FN:122,(anonymous_6)
FN:128,(anonymous_7)
FN:134,(anonymous_8)
FN:140,(anonymous_9)
FN:160,updateRepo
FN:384,updatePackages
FNF:12
FNH:12
FNDA:6,checkGhLogin
FNDA:13,packageExists
FNDA:11,getCurrentVersion
FNDA:10,versionIsHigherOrEqual
FNDA:9,updatePackageJson
FNDA:73,executeCommand
FNDA:73,(anonymous_6)
FNDA:7,(anonymous_7)
FNDA:2,(anonymous_8)
FNDA:72,(anonymous_9)
FNDA:11,updateRepo
FNDA:4,updatePackages
DA:1,2
DA:2,2
DA:3,2
DA:4,2
DA:5,2
DA:12,6
DA:13,6
DA:14,6
DA:15,4
DA:16,4
DA:18,2
DA:19,2
DA:30,13
DA:31,1
DA:34,12
DA:35,12
DA:36,11
DA:42,1
DA:43,1
DA:54,11
DA:55,1
DA:58,10
DA:59,10
DA:60,9
DA:62,9
DA:63,12
DA:64,8
DA:70,1
DA:72,1
DA:73,1
DA:85,10
DA:86,10
DA:88,10
DA:100,9
DA:101,9
DA:103,8
DA:104,6
DA:105,6
DA:106,5
DA:108,2
DA:110,2
DA:111,2
DA:122,73
DA:123,73
DA:125,73
DA:126,73
DA:128,72
DA:129,7
DA:130,7
DA:131,7
DA:134,72
DA:135,2
DA:136,2
DA:137,2
DA:140,72
DA:141,72
DA:161,11
DA:162,11
DA:164,11
DA:165,11
DA:167,11
DA:169,11
DA:172,11
DA:175,10
DA:176,10
DA:177,10
DA:178,1
DA:179,1
DA:180,1
DA:184,9
DA:185,9
DA:186,9
DA:187,1
DA:188,1
DA:189,1
DA:193,8
DA:194,8
DA:195,8
DA:196,1
DA:197,1
DA:198,1
DA:202,7
DA:203,7
DA:204,7
DA:205,7
DA:208,7
DA:210,7
DA:213,7
DA:215,7
DA:216,7
DA:217,7
DA:220,7
DA:221,2
DA:222,2
DA:226,5
DA:228,5
DA:229,0
DA:230,0
DA:233,5
DA:236,5
DA:237,1
DA:238,1
DA:241,4
DA:244,4
DA:245,4
DA:248,4
DA:249,4
DA:250,4
DA:252,0
DA:257,7
DA:258,3
DA:259,3
DA:263,7
DA:267,7
DA:268,4
DA:269,4
DA:270,4
DA:271,1
DA:274,0
DA:278,4
DA:279,4
DA:280,4
DA:281,1
DA:282,1
DA:283,1
DA:286,3
DA:287,3
DA:288,3
DA:289,1
DA:292,0
DA:296,3
DA:297,3
DA:298,3
DA:299,0
DA:300,0
DA:301,0
DA:304,3
DA:308,6
DA:310,6
DA:311,5
DA:314,5
DA:315,5
DA:317,5
DA:318,3
DA:319,0
DA:321,3
DA:322,3
DA:325,5
DA:328,5
DA:329,5
DA:331,5
DA:332,3
DA:333,3
DA:336,5
DA:337,5
DA:340,5
DA:341,5
DA:342,5
DA:343,0
DA:344,0
DA:345,0
DA:349,5
DA:350,5
DA:351,5
DA:352,1
DA:353,1
DA:354,1
DA:357,4
DA:359,1
DA:361,1
DA:362,1
DA:366,5
DA:367,5
DA:368,5
DA:370,1
DA:371,1
DA:372,1
DA:385,4
DA:388,4
DA:389,1
DA:393,3
DA:394,1
DA:395,1
DA:398,2
DA:399,1
DA:400,1
DA:403,1
DA:404,1
DA:405,1
DA:409,0
DA:412,0
DA:413,0
DA:414,0
DA:415,0
DA:417,0
DA:420,0
DA:423,0
DA:424,0
DA:425,0
DA:427,0
DA:430,0
DA:431,0
DA:433,0
DA:436,0
DA:445,0
DA:448,0
DA:449,0
DA:452,0
DA:453,0
DA:454,0
DA:455,0
DA:457,0
DA:461,0
DA:464,2
LF:214
LH:178
BRDA:29,0,0,13
BRDA:30,1,0,1
BRDA:30,1,1,12
BRDA:37,2,0,11
BRDA:37,2,1,9
BRDA:37,2,2,5
BRDA:37,2,3,1
BRDA:37,2,4,4
BRDA:37,2,5,1
BRDA:53,3,0,11
BRDA:54,4,0,1
BRDA:54,4,1,10
BRDA:63,5,0,8
BRDA:63,5,1,4
BRDA:63,6,0,12
BRDA:63,6,1,9
BRDA:99,7,0,9
BRDA:103,8,0,6
BRDA:103,8,1,2
BRDA:103,9,0,8
BRDA:103,9,1,7
BRDA:177,10,0,1
BRDA:177,10,1,9
BRDA:186,11,0,1
BRDA:186,11,1,8
BRDA:195,12,0,1
BRDA:195,12,1,7
BRDA:208,13,0,7
BRDA:208,13,1,0
BRDA:220,14,0,2
BRDA:220,14,1,5
BRDA:228,15,0,0
BRDA:228,15,1,5
BRDA:236,16,0,1
BRDA:236,16,1,4
BRDA:249,17,0,4
BRDA:249,17,1,0
BRDA:257,18,0,3
BRDA:257,18,1,4
BRDA:267,19,0,4
BRDA:267,19,1,3
BRDA:270,20,0,1
BRDA:270,20,1,3
BRDA:280,21,0,1
BRDA:280,21,1,3
BRDA:288,22,0,1
BRDA:288,22,1,2
BRDA:298,23,0,0
BRDA:298,23,1,3
BRDA:310,24,0,5
BRDA:310,24,1,1
BRDA:318,25,0,0
BRDA:318,25,1,3
BRDA:331,26,0,3
BRDA:331,26,1,2
BRDA:342,27,0,0
BRDA:342,27,1,5
BRDA:351,28,0,1
BRDA:351,28,1,4
BRDA:388,29,0,1
BRDA:388,29,1,3
BRDA:393,30,0,1
BRDA:393,30,1,2
BRDA:398,31,0,1
BRDA:398,31,1,1
BRDA:403,32,0,1
BRDA:403,32,1,0
BRDA:414,33,0,0
BRDA:414,33,1,0
BRDA:454,34,0,0
BRDA:454,34,1,0
BRF:71
BRH:60
end_of_record
